[debug] [2023-10-31T10:47:52.360Z] ----------------------------------------------------------------------
[debug] [2023-10-31T10:47:52.363Z] Command:       C:\Program Files\nodejs\node.exe C:\Users\vpsop\AppData\Roaming\npm\node_modules\firebase-tools\lib\bin\firebase.js deploy --only hosting
[debug] [2023-10-31T10:47:52.364Z] CLI Version:   12.7.0
[debug] [2023-10-31T10:47:52.364Z] Platform:      win32
[debug] [2023-10-31T10:47:52.365Z] Node Version:  v18.18.2
[debug] [2023-10-31T10:47:52.366Z] Time:          Tue Oct 31 2023 16:17:52 GMT+0530 (India Standard Time)
[debug] [2023-10-31T10:47:52.366Z] ----------------------------------------------------------------------
[debug] 
[debug] [2023-10-31T10:47:52.507Z] > command requires scopes: ["email","openid","https://www.googleapis.com/auth/cloudplatformprojects.readonly","https://www.googleapis.com/auth/firebase","https://www.googleapis.com/auth/cloud-platform"]
[debug] [2023-10-31T10:47:52.507Z] > authorizing via signed-in user (lonelycoder122@gmail.com)
[debug] [2023-10-31T10:47:52.508Z] [iam] checking project eduutainment for permissions ["firebase.projects.get","firebasehosting.sites.update"]
[debug] [2023-10-31T10:47:52.511Z] >>> [apiv2][query] POST https://cloudresourcemanager.googleapis.com/v1/projects/eduutainment:testIamPermissions [none]
[debug] [2023-10-31T10:47:52.511Z] >>> [apiv2][(partial)header] POST https://cloudresourcemanager.googleapis.com/v1/projects/eduutainment:testIamPermissions x-goog-quota-user=projects/eduutainment
[debug] [2023-10-31T10:47:52.511Z] >>> [apiv2][body] POST https://cloudresourcemanager.googleapis.com/v1/projects/eduutainment:testIamPermissions {"permissions":["firebase.projects.get","firebasehosting.sites.update"]}
[debug] [2023-10-31T10:48:13.842Z] *** [apiv2] error from fetch(https://cloudresourcemanager.googleapis.com/v1/projects/eduutainment:testIamPermissions, {"headers":{},"method":"POST","body":"{\"permissions\":[\"firebase.projects.get\",\"firebasehosting.sites.update\"]}"}): FetchError: request to https://cloudresourcemanager.googleapis.com/v1/projects/eduutainment:testIamPermissions failed, reason: connect ETIMEDOUT 2404:6800:4002:805::200a:443
[debug] [2023-10-31T10:48:13.844Z] [iam] error while checking permissions, command may fail: FirebaseError: Failed to make request to https://cloudresourcemanager.googleapis.com/v1/projects/eduutainment:testIamPermissions
[debug] [2023-10-31T10:48:13.847Z] >>> [apiv2][query] GET https://firebase.googleapis.com/v1beta1/projects/eduutainment [none]
[debug] [2023-10-31T10:48:35.086Z] *** [apiv2] error from fetch(https://firebase.googleapis.com/v1beta1/projects/eduutainment, {"headers":{},"method":"GET","signal":{}}): FetchError: request to https://firebase.googleapis.com/v1beta1/projects/eduutainment failed, reason: connect ETIMEDOUT 2404:6800:4002:80e::200a:443
[debug] [2023-10-31T10:48:35.087Z] Failed to make request to https://firebase.googleapis.com/v1beta1/projects/eduutainment (original: request to https://firebase.googleapis.com/v1beta1/projects/eduutainment failed, reason: connect ETIMEDOUT 2404:6800:4002:80e::200a:443)
[debug] [2023-10-31T10:48:35.089Z] FirebaseError: Failed to make request to https://firebase.googleapis.com/v1beta1/projects/eduutainment
    at RetryOperation._fn (C:\Users\vpsop\AppData\Roaming\npm\node_modules\firebase-tools\lib\apiv2.js:239:31)
    at process.processTicksAndRejections (node:internal/process/task_queues:95:5)
[error] 
[error] Error: Failed to get Firebase project eduutainment. Please make sure the project exists and your account has permission to access it.
